2023.05.27 01:07:51 INFO  Started: Metals version 0.11.12 in workspace 'C:\Users\Ewelinka\Desktop\WSD_project2' for client Visual Studio Code 1.78.2.
May 27, 2023 1:07:52 AM org.flywaydb.core.internal.license.VersionPrinter printVersionOnly
INFO: Flyway Community Edition 9.16.3 by Redgate
May 27, 2023 1:07:52 AM org.flywaydb.core.internal.license.VersionPrinter printVersion
INFO: See release notes here: https://rd.gt/416ObMi
May 27, 2023 1:07:52 AM org.flywaydb.core.internal.license.VersionPrinter printVersion
INFO: 
May 27, 2023 1:07:52 AM org.flywaydb.core.internal.database.base.BaseDatabaseType createDatabase
INFO: Database: jdbc:h2:file:C:\Users\Ewelinka\Desktop\WSD_project2\.metals\metals (H2 2.1)
May 27, 2023 1:07:53 AM org.flywaydb.core.internal.schemahistory.JdbcTableSchemaHistory allAppliedMigrations
INFO: Schema history table "PUBLIC"."flyway_schema_history" does not exist yet
May 27, 2023 1:07:53 AM org.flywaydb.core.internal.command.DbValidate validate
INFO: Successfully validated 4 migrations (execution time 00:00.078s)
May 27, 2023 1:07:53 AM org.flywaydb.core.internal.schemahistory.JdbcTableSchemaHistory create
INFO: Creating Schema History table "PUBLIC"."flyway_schema_history" ...
May 27, 2023 1:07:53 AM org.flywaydb.core.internal.command.DbMigrate migrateGroup
INFO: Current version of schema "PUBLIC": << Empty Schema >>
May 27, 2023 1:07:53 AM org.flywaydb.core.internal.command.DbMigrate doMigrateGroup
INFO: Migrating schema "PUBLIC" to version "1 - Create tables"
May 27, 2023 1:07:53 AM org.flywaydb.core.internal.command.DbMigrate doMigrateGroup
INFO: Migrating schema "PUBLIC" to version "2 - Server discovery"
May 27, 2023 1:07:53 AM org.flywaydb.core.internal.command.DbMigrate doMigrateGroup
INFO: Migrating schema "PUBLIC" to version "3 - Jar symbols"
May 27, 2023 1:07:53 AM org.flywaydb.core.internal.command.DbMigrate doMigrateGroup
INFO: Migrating schema "PUBLIC" to version "4 - Fingerprints"
May 27, 2023 1:07:53 AM org.flywaydb.core.internal.command.DbMigrate logSummary
INFO: Successfully applied 4 migrations to schema "PUBLIC", now at version v4 (execution time 00:00.139s)
2023.05.27 01:07:53 INFO  time: initialize in 1.48s
2023.05.27 01:07:57 WARN  Build server is not auto-connectable.
2023.05.27 01:07:57 WARN  no build tool detected in workspace 'C:\Users\Ewelinka\Desktop\WSD_project2'. The most common cause for this problem is that the editor was opened in the wrong working directory, for example if you use sbt then the workspace directory should contain build.sbt. 
2023.05.27 01:11:35 INFO  Shutting down server
2023.05.27 01:11:35 INFO  shutting down Metals
2023.05.27 01:11:35 INFO  Exiting server
2023.05.27 01:25:06 INFO  Started: Metals version 0.11.12 in workspace 'C:\Users\Ewelinka\Desktop\WSD_project2' for client Visual Studio Code 1.78.2.
May 27, 2023 1:25:07 AM org.flywaydb.core.internal.license.VersionPrinter printVersionOnly
INFO: Flyway Community Edition 9.16.3 by Redgate
May 27, 2023 1:25:07 AM org.flywaydb.core.internal.license.VersionPrinter printVersion
INFO: See release notes here: https://rd.gt/416ObMi
May 27, 2023 1:25:07 AM org.flywaydb.core.internal.license.VersionPrinter printVersion
INFO: 
May 27, 2023 1:25:07 AM org.flywaydb.core.internal.database.base.BaseDatabaseType createDatabase
INFO: Database: jdbc:h2:file:C:\Users\Ewelinka\Desktop\WSD_project2\.metals\metals (H2 2.1)
May 27, 2023 1:25:07 AM org.flywaydb.core.internal.command.DbValidate validate
INFO: Successfully validated 4 migrations (execution time 00:00.069s)
May 27, 2023 1:25:08 AM org.flywaydb.core.internal.command.DbMigrate migrateGroup
INFO: Current version of schema "PUBLIC": 4
May 27, 2023 1:25:08 AM org.flywaydb.core.internal.command.DbMigrate logSummary
INFO: Schema "PUBLIC" is up to date. No migration necessary.
2023.05.27 01:25:08 INFO  time: initialize in 1.35s
2023.05.27 01:25:12 WARN  Build server is not auto-connectable.
2023.05.27 01:25:12 WARN  no build tool detected in workspace 'C:\Users\Ewelinka\Desktop\WSD_project2'. The most common cause for this problem is that the editor was opened in the wrong working directory, for example if you use sbt then the workspace directory should contain build.sbt. 
2023.05.27 01:45:36 INFO  Shutting down server
2023.05.27 01:45:36 INFO  shutting down Metals
2023.05.27 01:45:36 INFO  Exiting server
2023.05.27 20:46:53 INFO  Started: Metals version 0.11.12 in workspace 'C:\Users\Ewelinka\Desktop\WSD_project2' for client Visual Studio Code 1.78.2.
May 27, 2023 8:46:53 PM org.flywaydb.core.internal.license.VersionPrinter printVersionOnly
INFO: Flyway Community Edition 9.16.3 by Redgate
May 27, 2023 8:46:53 PM org.flywaydb.core.internal.license.VersionPrinter printVersion
INFO: See release notes here: https://rd.gt/416ObMi
May 27, 2023 8:46:53 PM org.flywaydb.core.internal.license.VersionPrinter printVersion
INFO: 
May 27, 2023 8:46:54 PM org.flywaydb.core.internal.database.base.BaseDatabaseType createDatabase
INFO: Database: jdbc:h2:file:C:\Users\Ewelinka\Desktop\WSD_project2\.metals\metals (H2 2.1)
May 27, 2023 8:46:55 PM org.flywaydb.core.internal.command.DbValidate validate
INFO: Successfully validated 4 migrations (execution time 00:00.075s)
May 27, 2023 8:46:55 PM org.flywaydb.core.internal.command.DbMigrate migrateGroup
INFO: Current version of schema "PUBLIC": 4
May 27, 2023 8:46:55 PM org.flywaydb.core.internal.command.DbMigrate logSummary
INFO: Schema "PUBLIC" is up to date. No migration necessary.
2023.05.27 20:46:55 INFO  time: initialize in 1.76s
2023.05.27 20:46:58 WARN  Build server is not auto-connectable.
2023.05.27 20:46:58 WARN  no build tool detected in workspace 'C:\Users\Ewelinka\Desktop\WSD_project2'. The most common cause for this problem is that the editor was opened in the wrong working directory, for example if you use sbt then the workspace directory should contain build.sbt. 
2023.05.27 22:38:10 INFO  Shutting down server
2023.05.27 22:38:10 INFO  shutting down Metals
2023.05.27 22:38:10 INFO  Exiting server
